Build started 7/12/2013 4:11:58 PM.
     1>Project "C:\Users\David\Desktop\New folder\GSP420_Fairweather_BlockPuzzle\GSP420_Fairweather_BlockPuzzle.vcxproj" on node 2 (rebuild target(s)).
     1>_PrepareForClean:
         Deleting file "Release\GSP420_Fairweather_BlockPuzzle.lastbuildstate".
       PrepareForBuild:
         Creating directory "C:\Users\David\Desktop\New folder\Release\".
       InitializeBuildStatus:
         Creating "Release\GSP420_Fairweather_BlockPuzzle.unsuccessfulbuild" because "AlwaysCreate" was specified.
       ClCompile:
         c:\Program Files (x86)\Microsoft Visual Studio 10.0\VC\bin\CL.exe /c /Zi /nologo /W3 /WX- /O2 /Oi /Oy- /GL /D WIN32 /D NDEBUG /D _CONSOLE /D _UNICODE /D UNICODE /Gm- /EHsc /MD /GS /Gy /fp:precise /Zc:wchar_t /Zc:forScope /Fo"Release\\" /Fd"Release\vc100.pdb" /Gd /TP /analyze- /errorReport:prompt main.cpp MapController.cpp
         main.cpp
         MapController.cpp
       Link:
         c:\Program Files (x86)\Microsoft Visual Studio 10.0\VC\bin\link.exe /ERRORREPORT:PROMPT /OUT:"C:\Users\David\Desktop\New folder\Release\GSP420_Fairweather_BlockPuzzle.exe" /INCREMENTAL:NO /NOLOGO kernel32.lib user32.lib gdi32.lib winspool.lib comdlg32.lib advapi32.lib shell32.lib ole32.lib oleaut32.lib uuid.lib odbc32.lib odbccp32.lib /MANIFEST /ManifestFile:"Release\GSP420_Fairweather_BlockPuzzle.exe.intermediate.manifest" /MANIFESTUAC:"level='asInvoker' uiAccess='false'" /DEBUG /PDB:"C:\Users\David\Desktop\New folder\Release\GSP420_Fairweather_BlockPuzzle.pdb" /SUBSYSTEM:CONSOLE /OPT:REF /OPT:ICF /LTCG /TLBID:1 /DYNAMICBASE /NXCOMPAT /IMPLIB:"C:\Users\David\Desktop\New folder\Release\GSP420_Fairweather_BlockPuzzle.lib" /MACHINE:X86 Release\main.obj
         Release\MapController.obj
         Generating code
     1>c:\users\david\desktop\new folder\gsp420_fairweather_blockpuzzle\resourcemanager.h(80): warning C4715: 'ResourceManager::getMap' : not all control paths return a value
     1>c:\users\david\desktop\new folder\gsp420_fairweather_blockpuzzle\resourcemanager.h(59): warning C4715: 'ResourceManager::loadResource' : not all control paths return a value
         Finished generating code
         GSP420_Fairweather_BlockPuzzle.vcxproj -> C:\Users\David\Desktop\New folder\Release\GSP420_Fairweather_BlockPuzzle.exe
       Manifest:
         C:\Program Files (x86)\Microsoft SDKs\Windows\v7.0A\bin\mt.exe /nologo /verbose /outputresource:"C:\Users\David\Desktop\New folder\Release\GSP420_Fairweather_BlockPuzzle.exe;#1" /manifest Release\GSP420_Fairweather_BlockPuzzle.exe.intermediate.manifest
       FinalizeBuildStatus:
         Deleting file "Release\GSP420_Fairweather_BlockPuzzle.unsuccessfulbuild".
         Touching "Release\GSP420_Fairweather_BlockPuzzle.lastbuildstate".
     1>Done Building Project "C:\Users\David\Desktop\New folder\GSP420_Fairweather_BlockPuzzle\GSP420_Fairweather_BlockPuzzle.vcxproj" (rebuild target(s)).

Build succeeded.

Time Elapsed 00:00:01.49
